2013-08-10 01:34:03,222 [ModalContext] WARN  o.e.m.i.discovery.MavenDiscovery - CatalogItem org.eclipse.m2e.discovery.lifecyclemapping.m2e-wtp does not contain lifecycle mapping metadata
2013-08-10 01:34:03,237 [ModalContext] WARN  o.e.m.i.discovery.MavenDiscovery - CatalogItem org.eclipse.m2e.discovery.lifecyclemapping.m2e-egit does not contain lifecycle mapping metadata
2013-08-10 01:34:03,237 [ModalContext] WARN  o.e.m.i.discovery.MavenDiscovery - CatalogItem org.eclipse.m2e.discovery.lifecyclemapping.m2e-subversive does not contain lifecycle mapping metadata
2013-08-10 01:34:03,238 [ModalContext] WARN  o.e.m.i.discovery.MavenDiscovery - CatalogItem org.eclipse.m2e.discovery.lifecyclemapping.m2e-subclipse does not contain lifecycle mapping metadata
2013-08-10 01:35:36,001 [Worker-1] INFO  o.e.m.c.i.l.LifecycleMappingFactory - Using org.maven.ide.eclipse.wtp.WarLifecycleMapping lifecycle mapping for MavenProject: br.com.fourlinux:portlet:1.0.0-BUILD-SNAPSHOT @ /home/adercio/Área de Trabalho/4Linux/Webcast feito por Adércio/webcast-git/spring-portlet-ajax/spring-portlet-ajax/pom.xml.
2013-08-10 01:35:39,761 [Worker-1] INFO  o.e.m.j.i.AbstractJavaProjectConfigurator - Adding source folder /spring-portlet-ajax/src/main/java
2013-08-10 01:35:39,762 [Worker-1] INFO  o.e.m.j.i.AbstractJavaProjectConfigurator - Adding resource folder /spring-portlet-ajax/src/main/resources
2013-08-10 01:35:39,763 [Worker-1] INFO  o.e.m.j.i.AbstractJavaProjectConfigurator - Adding source folder /spring-portlet-ajax/src/test/java
2013-08-10 01:35:39,763 [Worker-1] INFO  o.e.m.j.i.AbstractJavaProjectConfigurator - Adding resource folder /spring-portlet-ajax/src/test/resources
2013-08-10 01:35:40,502 [Worker-1] INFO  o.e.m.c.i.p.ProjectConfigurationManager - Project import completed 9 sec
2013-08-10 01:35:40,801 [Worker-24] INFO  o.e.m.c.i.l.LifecycleMappingFactory - Using org.maven.ide.eclipse.wtp.WarLifecycleMapping lifecycle mapping for MavenProject: br.com.fourlinux:portlet:1.0.0-BUILD-SNAPSHOT @ /home/adercio/Área de Trabalho/4Linux/Webcast feito por Adércio/webcast-git/spring-portlet-ajax/spring-portlet-ajax/pom.xml.
2013-08-10 01:35:40,989 [Worker-28] INFO  o.e.m.c.i.p.ProjectConfigurationManager - Update started
2013-08-10 01:35:40,991 [Worker-28] INFO  o.e.m.c.i.p.ProjectConfigurationManager - Update completed: 0 sec
2013-08-10 01:35:42,278 [Worker-15] INFO  o.e.m.c.i.l.LifecycleMappingFactory - Using org.maven.ide.eclipse.wtp.WarLifecycleMapping lifecycle mapping for MavenProject: br.com.fourlinux:portlet:1.0.0-BUILD-SNAPSHOT @ /home/adercio/Área de Trabalho/4Linux/Webcast feito por Adércio/webcast-git/spring-portlet-ajax/spring-portlet-ajax/pom.xml.
2013-08-10 01:35:45,436 [Worker-1] INFO  o.e.m.c.i.embedder.EclipseLogger - Using 'UTF-8' encoding to copy filtered resources.
2013-08-10 01:35:45,439 [Worker-1] INFO  o.e.m.c.i.embedder.EclipseLogger - Copying 1 resource
2013-08-10 01:35:45,446 [Worker-1] INFO  o.e.m.c.i.embedder.EclipseLogger - Using 'UTF-8' encoding to copy filtered resources.
2013-08-10 01:35:45,446 [Worker-1] INFO  o.e.m.c.i.embedder.EclipseLogger - Copying 1 resource
2013-08-10 01:38:01,189 [Worker-15] INFO  o.e.m.c.i.embedder.EclipseLogger - Using 'UTF-8' encoding to copy filtered resources.
2013-08-10 01:38:01,191 [Worker-15] INFO  o.e.m.c.i.embedder.EclipseLogger - Copying 0 resource
2013-08-10 01:38:01,193 [Worker-15] INFO  o.e.m.c.i.embedder.EclipseLogger - Using 'UTF-8' encoding to copy filtered resources.
2013-08-10 01:38:01,193 [Worker-15] INFO  o.e.m.c.i.embedder.EclipseLogger - Copying 0 resource
2013-08-10 21:32:32,698 [Worker-2] INFO  o.e.m.c.i.l.LifecycleMappingFactory - Using org.maven.ide.eclipse.wtp.WarLifecycleMapping lifecycle mapping for MavenProject: br.com.fourlinux:portlet:1.0.0-BUILD-SNAPSHOT @ /home/adercio/Área de Trabalho/4Linux/Webcast feito por Adércio/webcast-git/spring-portlet-ajax/spring-portlet-ajax/pom.xml.
2013-08-10 21:32:40,192 [Worker-0] INFO  o.e.m.c.i.embedder.EclipseLogger - Using 'UTF-8' encoding to copy filtered resources.
2013-08-10 21:32:40,195 [Worker-0] INFO  o.e.m.c.i.embedder.EclipseLogger - Copying 1 resource
2013-08-10 21:32:40,213 [Worker-0] INFO  o.e.m.c.i.embedder.EclipseLogger - Using 'UTF-8' encoding to copy filtered resources.
2013-08-10 21:32:40,214 [Worker-0] INFO  o.e.m.c.i.embedder.EclipseLogger - Copying 1 resource
2013-08-10 21:41:01,063 [Worker-23] INFO  o.e.m.c.i.l.LifecycleMappingFactory - Using org.maven.ide.eclipse.wtp.WarLifecycleMapping lifecycle mapping for MavenProject: br.com.fourlinux:portlet:1.0.0-BUILD-SNAPSHOT @ /home/adercio/Área de Trabalho/4Linux/Webcast feito por Adércio/webcast-git/spring-portlet-ajax/spring-portlet-ajax/pom.xml.
2013-08-10 21:41:01,265 [Worker-23] INFO  o.e.m.c.i.embedder.EclipseLogger - Using 'UTF-8' encoding to copy filtered resources.
2013-08-10 21:41:01,268 [Worker-23] INFO  o.e.m.c.i.embedder.EclipseLogger - Copying 0 resource
2013-08-10 21:41:01,269 [Worker-23] INFO  o.e.m.c.i.embedder.EclipseLogger - Using 'UTF-8' encoding to copy filtered resources.
2013-08-10 21:41:01,269 [Worker-23] INFO  o.e.m.c.i.embedder.EclipseLogger - Copying 0 resource
2013-08-10 22:56:15,620 [Worker-36] INFO  o.e.m.c.i.embedder.EclipseLogger - Using 'UTF-8' encoding to copy filtered resources.
2013-08-10 22:56:15,620 [Worker-36] INFO  o.e.m.c.i.embedder.EclipseLogger - Copying 0 resource
2013-08-10 22:56:15,622 [Worker-36] INFO  o.e.m.c.i.embedder.EclipseLogger - Using 'UTF-8' encoding to copy filtered resources.
2013-08-10 22:56:15,623 [Worker-36] INFO  o.e.m.c.i.embedder.EclipseLogger - Copying 0 resource
2013-08-10 22:56:24,761 [Worker-37] INFO  o.e.m.c.i.embedder.EclipseLogger - Using 'UTF-8' encoding to copy filtered resources.
2013-08-10 22:56:24,762 [Worker-37] INFO  o.e.m.c.i.embedder.EclipseLogger - Copying 0 resource
2013-08-10 22:56:24,764 [Worker-37] INFO  o.e.m.c.i.embedder.EclipseLogger - Using 'UTF-8' encoding to copy filtered resources.
2013-08-10 22:56:24,765 [Worker-37] INFO  o.e.m.c.i.embedder.EclipseLogger - Copying 0 resource
2013-08-10 22:56:45,282 [Worker-32] INFO  o.e.m.c.i.embedder.EclipseLogger - Using 'UTF-8' encoding to copy filtered resources.
2013-08-10 22:56:45,282 [Worker-32] INFO  o.e.m.c.i.embedder.EclipseLogger - Copying 0 resource
2013-08-10 22:56:45,283 [Worker-32] INFO  o.e.m.c.i.embedder.EclipseLogger - Using 'UTF-8' encoding to copy filtered resources.
2013-08-10 22:56:45,283 [Worker-32] INFO  o.e.m.c.i.embedder.EclipseLogger - Copying 0 resource
2013-08-11 02:59:04,182 [Worker-43] INFO  o.e.m.c.i.embedder.EclipseLogger - Using 'UTF-8' encoding to copy filtered resources.
2013-08-11 02:59:04,184 [Worker-43] INFO  o.e.m.c.i.embedder.EclipseLogger - Copying 1 resource
2013-08-11 02:59:04,186 [Worker-43] INFO  o.e.m.c.i.embedder.EclipseLogger - Using 'UTF-8' encoding to copy filtered resources.
2013-08-11 02:59:04,186 [Worker-43] INFO  o.e.m.c.i.embedder.EclipseLogger - Copying 1 resource
